Base path: C:/Program Files/Unity/2018.4.14f1/Editor/Data
Cmd: initializeCompiler
Cmd: compileComputeKernel
  api=4 insize=7960 outsize=1521 ok=1
Cmd: compileComputeKernel
  api=4 insize=64076 outsize=7505 ok=1
Cmd: compileComputeKernel
  api=4 insize=9919 outsize=1905 ok=1
Cmd: compileComputeKernel
  api=4 insize=9919 outsize=1945 ok=1
Cmd: compileComputeKernel
  api=4 insize=24335 outsize=9545 ok=1
Cmd: compileComputeKernel
  api=4 insize=7335 outsize=1433 ok=1
Cmd: compileComputeKernel
  api=4 insize=44336 outsize=2985 ok=1
Cmd: compileComputeKernel
  api=4 insize=44336 outsize=1325 ok=1
Cmd: compileComputeKernel
  api=4 insize=44336 outsize=1521 ok=1
Cmd: compileComputeKernel
  api=4 insize=44336 outsize=1553 ok=1
Cmd: compileComputeKernel
  api=4 insize=44336 outsize=1393 ok=1
Cmd: compileComputeKernel
  api=4 insize=44336 outsize=1905 ok=1
Cmd: compileComputeKernel
  api=4 insize=44336 outsize=1937 ok=1
Cmd: compileComputeKernel
  api=4 insize=44336 outsize=2085 ok=1
Cmd: compileComputeKernel
  api=4 insize=44336 outsize=1345 ok=1
Cmd: compileComputeKernel
  api=4 insize=44336 outsize=1713 ok=1
Cmd: compileComputeKernel
  api=4 insize=4081 outsize=1785 ok=1
Cmd: compileComputeKernel
  api=4 insize=29386 outsize=689 ok=1
Cmd: compileComputeKernel
  api=4 insize=29386 outsize=993 ok=1
Cmd: compileComputeKernel
  api=4 insize=29386 outsize=1321 ok=1
Cmd: compileComputeKernel
  api=4 insize=29386 outsize=1313 ok=1
Cmd: compileComputeKernel
  api=4 insize=29386 outsize=1373 ok=1
Cmd: compileComputeKernel
  api=4 insize=29386 outsize=1333 ok=1
Cmd: initializeCompiler
Cmd: initializeCompiler

Quitting shader compiler process
