Base path: C:/Program Files/Unity/Hub/Editor/2018.4.14f1/Editor/Data
Cmd: initializeCompiler
Cmd: compileComputeKernel
  api=4 insize=8273 outsize=1537 ok=1
Cmd: compileComputeKernel
  api=4 insize=10277 outsize=1905 ok=1
Cmd: compileComputeKernel
  api=4 insize=10277 outsize=1937 ok=1
Cmd: compileComputeKernel
  api=4 insize=24974 outsize=12525 ok=1
Cmd: compileComputeKernel
  api=4 insize=7595 outsize=1709 ok=1
Cmd: compileComputeKernel
  error: 1 plat 4 at BarracudaReferenceImpl.compute(1256): array reference cannot be used as an l-value; not natively addressable, forcing loop to unroll
  error: 1 plat 4 at BarracudaReferenceImpl.compute(1266): array reference cannot be used as an l-value; not natively addressable, forcing loop to unroll
  api=4 insize=46033 outsize=8609 ok=1
Cmd: compileComputeKernel
  api=4 insize=4240 outsize=1717 ok=1
Cmd: compileComputeKernel
  api=4 insize=1882 outsize=3141 ok=1
Cmd: compileComputeKernel
  api=4 insize=30635 outsize=785 ok=1
Cmd: compileComputeKernel
  api=4 insize=30635 outsize=813 ok=1
Cmd: compileComputeKernel
  api=4 insize=30635 outsize=917 ok=1
Cmd: compileComputeKernel
  api=4 insize=30635 outsize=777 ok=1
Cmd: compileComputeKernel
  api=4 insize=30635 outsize=809 ok=1
Cmd: compileComputeKernel
  api=4 insize=30635 outsize=801 ok=1
Cmd: compileComputeKernel
  api=4 insize=30635 outsize=885 ok=1
Cmd: compileComputeKernel
  api=4 insize=30635 outsize=1885 ok=1
Cmd: compileComputeKernel
  api=4 insize=30635 outsize=1373 ok=1
Cmd: compileComputeKernel
  api=4 insize=30635 outsize=1301 ok=1
Cmd: compileComputeKernel
  api=4 insize=30635 outsize=1285 ok=1
Cmd: compileComputeKernel
  api=4 insize=30635 outsize=1393 ok=1
Cmd: initializeCompiler
Cmd: initializeCompiler
Cmd: initializeCompiler
