Base path: C:/Program Files/Unity/2018.4.14f1/Editor/Data
Cmd: initializeCompiler
Cmd: compileComputeKernel
  api=4 insize=7960 outsize=1065 ok=1
Cmd: compileComputeKernel
  api=4 insize=64076 outsize=5393 ok=1
Cmd: compileComputeKernel
  api=4 insize=9919 outsize=1905 ok=1
Cmd: compileComputeKernel
  api=4 insize=9919 outsize=1937 ok=1
Cmd: compileComputeKernel
  api=4 insize=24335 outsize=6253 ok=1
Cmd: compileComputeKernel
  api=4 insize=7335 outsize=1809 ok=1
Cmd: compileComputeKernel
  api=4 insize=44336 outsize=1593 ok=1
Cmd: compileComputeKernel
  api=4 insize=44336 outsize=2037 ok=1
Cmd: compileComputeKernel
  api=4 insize=44336 outsize=1617 ok=1
Cmd: compileComputeKernel
  api=4 insize=44336 outsize=1633 ok=1
Cmd: compileComputeKernel
  api=4 insize=44336 outsize=1885 ok=1
Cmd: compileComputeKernel
  api=4 insize=44336 outsize=1365 ok=1
Cmd: compileComputeKernel
  api=4 insize=44336 outsize=2345 ok=1
Cmd: compileComputeKernel
  api=4 insize=44336 outsize=1941 ok=1
Cmd: compileComputeKernel
  api=4 insize=44336 outsize=1345 ok=1
Cmd: compileComputeKernel
  api=4 insize=44336 outsize=2021 ok=1
Cmd: compileComputeKernel
  api=4 insize=29386 outsize=625 ok=1
Cmd: compileComputeKernel
  api=4 insize=29386 outsize=1093 ok=1
Cmd: compileComputeKernel
  api=4 insize=29386 outsize=861 ok=1
Cmd: compileComputeKernel
  api=4 insize=29386 outsize=757 ok=1
Cmd: compileComputeKernel
  api=4 insize=29386 outsize=673 ok=1
Cmd: compileComputeKernel
  api=4 insize=29386 outsize=721 ok=1
Cmd: compileComputeKernel
  api=4 insize=29386 outsize=1233 ok=1
Cmd: compileComputeKernel
  api=4 insize=29386 outsize=1089 ok=1
Cmd: compileComputeKernel
  api=4 insize=29386 outsize=1461 ok=1
Cmd: initializeCompiler
Cmd: initializeCompiler

Quitting shader compiler process
