Base path: C:/Program Files/Unity/2018.4.14f1/Editor/Data
Cmd: initializeCompiler
Cmd: compileComputeKernel
  api=4 insize=7960 outsize=1581 ok=1
Cmd: compileComputeKernel
  api=4 insize=9919 outsize=1937 ok=1
Cmd: compileComputeKernel
  api=4 insize=9919 outsize=2085 ok=1
Cmd: compileComputeKernel
  api=4 insize=24335 outsize=2709 ok=1
Cmd: compileComputeKernel
  api=4 insize=7335 outsize=1709 ok=1
Cmd: compileComputeKernel
  api=4 insize=44336 outsize=2681 ok=1
Cmd: compileComputeKernel
  api=4 insize=44336 outsize=1637 ok=1
Cmd: compileComputeKernel
  api=4 insize=44336 outsize=1313 ok=1
Cmd: compileComputeKernel
  api=4 insize=44336 outsize=1385 ok=1
Cmd: compileComputeKernel
  api=4 insize=44336 outsize=1313 ok=1
Cmd: compileComputeKernel
  api=4 insize=44336 outsize=1909 ok=1
Cmd: compileComputeKernel
  api=4 insize=44336 outsize=1905 ok=1
Cmd: compileComputeKernel
  api=4 insize=44336 outsize=1937 ok=1
Cmd: compileComputeKernel
  api=4 insize=4081 outsize=1597 ok=1
Cmd: compileComputeKernel
  api=4 insize=29386 outsize=633 ok=1
Cmd: compileComputeKernel
  api=4 insize=29386 outsize=949 ok=1
Cmd: compileComputeKernel
  api=4 insize=29386 outsize=1013 ok=1
Cmd: compileComputeKernel
  api=4 insize=29386 outsize=1029 ok=1
Cmd: compileComputeKernel
  api=4 insize=29386 outsize=801 ok=1
Cmd: compileComputeKernel
  api=4 insize=29386 outsize=837 ok=1
Cmd: compileComputeKernel
  api=4 insize=29386 outsize=1293 ok=1
Cmd: compileComputeKernel
  api=4 insize=29386 outsize=1533 ok=1
Cmd: compileComputeKernel
  api=4 insize=29386 outsize=1373 ok=1
Cmd: compileComputeKernel
  api=4 insize=29386 outsize=1405 ok=1
Cmd: compileComputeKernel
  api=4 insize=29386 outsize=1289 ok=1
Cmd: compileComputeKernel
  api=4 insize=29386 outsize=1265 ok=1
Cmd: compileComputeKernel
  api=4 insize=29386 outsize=1621 ok=1
Cmd: initializeCompiler
Cmd: initializeCompiler

Quitting shader compiler process
