Base path: F:/Unity/Editors Path/2018.4.14f1/Editor/Data
Cmd: initializeCompiler
Cmd: compileComputeKernel
  api=4 insize=7960 outsize=1149 ok=1
Cmd: compileComputeKernel
  api=4 insize=64076 outsize=2649 ok=1
Cmd: compileComputeKernel
  api=4 insize=9919 outsize=1905 ok=1
Cmd: compileComputeKernel
  api=4 insize=9919 outsize=2085 ok=1
Cmd: compileComputeKernel
  api=4 insize=24335 outsize=2933 ok=1
Cmd: compileComputeKernel
  api=4 insize=7335 outsize=1809 ok=1
Cmd: compileComputeKernel
  api=4 insize=44336 outsize=1693 ok=1
Cmd: compileComputeKernel
  api=4 insize=44336 outsize=1337 ok=1
Cmd: compileComputeKernel
  api=4 insize=44336 outsize=1637 ok=1
Cmd: compileComputeKernel
  api=4 insize=44336 outsize=1373 ok=1
Cmd: compileComputeKernel
  api=4 insize=44336 outsize=1469 ok=1
Cmd: compileComputeKernel
  api=4 insize=44336 outsize=1285 ok=1
Cmd: compileComputeKernel
  api=4 insize=44336 outsize=1905 ok=1
Cmd: compileComputeKernel
  api=4 insize=44336 outsize=1941 ok=1
Cmd: compileComputeKernel
  api=4 insize=44336 outsize=1345 ok=1
Cmd: compileComputeKernel
  api=4 insize=44336 outsize=1485 ok=1
Cmd: compileComputeKernel
  api=4 insize=29386 outsize=685 ok=1
Cmd: compileComputeKernel
  api=4 insize=29386 outsize=1093 ok=1
Cmd: compileComputeKernel
  api=4 insize=29386 outsize=785 ok=1
Cmd: compileComputeKernel
  api=4 insize=29386 outsize=853 ok=1
Cmd: compileComputeKernel
  api=4 insize=29386 outsize=681 ok=1
Cmd: compileComputeKernel
  api=4 insize=29386 outsize=885 ok=1
Cmd: compileComputeKernel
  api=4 insize=29386 outsize=1089 ok=1
Cmd: compileComputeKernel
  api=4 insize=29386 outsize=1373 ok=1
Cmd: compileComputeKernel
  api=4 insize=29386 outsize=1405 ok=1
Cmd: compileComputeKernel
  api=4 insize=29386 outsize=1285 ok=1
Cmd: compileComputeKernel
  api=4 insize=29386 outsize=1393 ok=1

Quitting shader compiler process
