Base path: F:/Unity/Editors Path/2018.4.14f1/Editor/Data
Cmd: initializeCompiler
Cmd: compileComputeKernel
  api=4 insize=7960 outsize=2549 ok=1
Cmd: compileComputeKernel
  api=4 insize=64076 outsize=5393 ok=1
Cmd: compileComputeKernel
  api=4 insize=9919 outsize=1905 ok=1
Cmd: compileComputeKernel
  api=4 insize=9919 outsize=1945 ok=1
Cmd: compileComputeKernel
  api=4 insize=24335 outsize=4173 ok=1
Cmd: compileComputeKernel
  api=4 insize=7335 outsize=2141 ok=1
Cmd: compileComputeKernel
  api=4 insize=44336 outsize=1593 ok=1
Cmd: compileComputeKernel
  api=4 insize=44336 outsize=2037 ok=1
Cmd: compileComputeKernel
  api=4 insize=44336 outsize=1617 ok=1
Cmd: compileComputeKernel
  api=4 insize=44336 outsize=1685 ok=1
Cmd: compileComputeKernel
  api=4 insize=44336 outsize=1553 ok=1
Cmd: compileComputeKernel
  api=4 insize=44336 outsize=1365 ok=1
Cmd: compileComputeKernel
  api=4 insize=44336 outsize=1905 ok=1
Cmd: compileComputeKernel
  api=4 insize=44336 outsize=2085 ok=1
Cmd: compileComputeKernel
  api=4 insize=44336 outsize=1397 ok=1
Cmd: compileComputeKernel
  api=4 insize=44336 outsize=1785 ok=1
Cmd: compileComputeKernel
  api=4 insize=4081 outsize=1485 ok=1
Cmd: compileComputeKernel
  api=4 insize=29386 outsize=633 ok=1
Cmd: compileComputeKernel
  api=4 insize=29386 outsize=993 ok=1
Cmd: compileComputeKernel
  api=4 insize=29386 outsize=777 ok=1
Cmd: compileComputeKernel
  api=4 insize=29386 outsize=757 ok=1
Cmd: compileComputeKernel
  api=4 insize=29386 outsize=801 ok=1
Cmd: compileComputeKernel
  api=4 insize=29386 outsize=721 ok=1
Cmd: compileComputeKernel
  api=4 insize=29386 outsize=1325 ok=1
Cmd: compileComputeKernel
  api=4 insize=29386 outsize=1501 ok=1
Cmd: compileComputeKernel
  api=4 insize=29386 outsize=1321 ok=1
Cmd: compileComputeKernel
  api=4 insize=29386 outsize=1301 ok=1
Cmd: compileComputeKernel
  api=4 insize=29386 outsize=1265 ok=1
Cmd: compileComputeKernel
  api=4 insize=29386 outsize=1621 ok=1

Quitting shader compiler process
