Base path: F:/Unity/Editors Path/2018.4.14f1/Editor/Data
Cmd: initializeCompiler
Cmd: compileComputeKernel
  api=4 insize=7960 outsize=1049 ok=1
Cmd: compileComputeKernel
  api=4 insize=9919 outsize=1909 ok=1
Cmd: compileComputeKernel
  api=4 insize=9919 outsize=1941 ok=1
Cmd: compileComputeKernel
  api=4 insize=24335 outsize=9545 ok=1
Cmd: compileComputeKernel
  api=4 insize=7335 outsize=1433 ok=1
Cmd: compileComputeKernel
  api=4 insize=44336 outsize=2085 ok=1
Cmd: compileComputeKernel
  api=4 insize=44336 outsize=1313 ok=1
Cmd: compileComputeKernel
  api=4 insize=44336 outsize=1325 ok=1
Cmd: compileComputeKernel
  api=4 insize=44336 outsize=1313 ok=1
Cmd: compileComputeKernel
  api=4 insize=44336 outsize=1905 ok=1
Cmd: compileComputeKernel
  api=4 insize=44336 outsize=1937 ok=1
Cmd: compileComputeKernel
  api=4 insize=44336 outsize=1345 ok=1
Cmd: compileComputeKernel
  api=4 insize=44336 outsize=1597 ok=1
Cmd: compileComputeKernel
  api=4 insize=4081 outsize=1717 ok=1
Cmd: compileComputeKernel
  api=4 insize=29386 outsize=681 ok=1
Cmd: compileComputeKernel
  api=4 insize=29386 outsize=717 ok=1
Cmd: compileComputeKernel
  api=4 insize=29386 outsize=1089 ok=1
Cmd: compileComputeKernel
  api=4 insize=29386 outsize=1029 ok=1
Cmd: compileComputeKernel
  api=4 insize=29386 outsize=801 ok=1
Cmd: compileComputeKernel
  api=4 insize=29386 outsize=817 ok=1
Cmd: compileComputeKernel
  api=4 insize=29386 outsize=1261 ok=1
Cmd: compileComputeKernel
  api=4 insize=29386 outsize=1461 ok=1
Cmd: compileComputeKernel
  api=4 insize=29386 outsize=1469 ok=1
Cmd: compileComputeKernel
  api=4 insize=29386 outsize=1249 ok=1
Cmd: compileComputeKernel
  api=4 insize=29386 outsize=1225 ok=1
Cmd: compileComputeKernel
  api=4 insize=29386 outsize=1333 ok=1

Quitting shader compiler process
