Base path: F:/Unity/Editors Path/2018.4.14f1/Editor/Data
Cmd: initializeCompiler
Cmd: preprocessCompute
  insize=8251 outsize=8273 ok=1
Cmd: compileComputeKernel
  api=4 insize=8273 outsize=1557 ok=1
Cmd: compileComputeKernel
  api=4 insize=8273 outsize=1641 ok=1
Cmd: compileComputeKernel
  api=4 insize=8273 outsize=1585 ok=1
Cmd: compileComputeKernel
  api=4 insize=8273 outsize=1365 ok=1
Cmd: preprocessCompute
  insize=65736 outsize=65748 ok=1
Cmd: compileComputeKernel
  api=4 insize=65748 outsize=4665 ok=1
Cmd: preprocessCompute
  insize=10247 outsize=10277 ok=1
Cmd: compileComputeKernel
  api=4 insize=10277 outsize=1905 ok=1
Cmd: compileComputeKernel
  api=4 insize=10277 outsize=1937 ok=1
Cmd: preprocessCompute
  insize=24958 outsize=24974 ok=1
Cmd: compileComputeKernel
  api=4 insize=24974 outsize=12525 ok=1
Cmd: preprocessCompute
  insize=7583 outsize=7595 ok=1
Cmd: compileComputeKernel
  api=4 insize=7595 outsize=1809 ok=1
Cmd: preprocessCompute
  insize=45911 outsize=46033 ok=1
Cmd: compileComputeKernel
  api=4 insize=46033 outsize=2789 ok=1
Cmd: compileComputeKernel
  api=4 insize=46033 outsize=1637 ok=1
Cmd: compileComputeKernel
  api=4 insize=46033 outsize=1289 ok=1
Cmd: compileComputeKernel
  api=4 insize=46033 outsize=1685 ok=1
Cmd: compileComputeKernel
  api=4 insize=46033 outsize=1313 ok=1
Cmd: compileComputeKernel
  api=4 insize=46033 outsize=1905 ok=1
Cmd: compileComputeKernel
  api=4 insize=46033 outsize=1945 ok=1
Cmd: compileComputeKernel
  api=4 insize=46033 outsize=2085 ok=1
Cmd: compileComputeKernel
  api=4 insize=46033 outsize=3005 ok=1
Cmd: preprocessCompute
  insize=4232 outsize=4240 ok=1
Cmd: preprocessCompute
  insize=1880 outsize=1882 ok=1
Cmd: preprocessCompute
  insize=30457 outsize=30635 ok=1
Cmd: compileComputeKernel
  api=4 insize=30635 outsize=781 ok=1
Cmd: compileComputeKernel
  api=4 insize=30635 outsize=1093 ok=1
Cmd: compileComputeKernel
  api=4 insize=30635 outsize=777 ok=1
Cmd: compileComputeKernel
  api=4 insize=30635 outsize=1029 ok=1
Cmd: compileComputeKernel
  api=4 insize=30635 outsize=801 ok=1
Cmd: compileComputeKernel
  api=4 insize=30635 outsize=697 ok=1
Cmd: compileComputeKernel
  api=4 insize=30635 outsize=1301 ok=1
Cmd: compileComputeKernel
  api=4 insize=30635 outsize=1501 ok=1
Cmd: compileComputeKernel
  api=4 insize=30635 outsize=1445 ok=1
Cmd: compileComputeKernel
  api=4 insize=30635 outsize=1249 ok=1
Cmd: compileComputeKernel
  api=4 insize=30635 outsize=1373 ok=1
