Base path: F:/Unity/Editors Path/2018.4.14f1/Editor/Data
Cmd: initializeCompiler
Cmd: compileComputeKernel
  api=4 insize=7960 outsize=1557 ok=1
Cmd: compileComputeKernel
  api=4 insize=64076 outsize=12521 ok=1
Cmd: compileComputeKernel
  api=4 insize=9919 outsize=1905 ok=1
Cmd: compileComputeKernel
  api=4 insize=9919 outsize=2085 ok=1
Cmd: compileComputeKernel
  api=4 insize=24335 outsize=10737 ok=1
Cmd: compileComputeKernel
  api=4 insize=44336 outsize=2789 ok=1
Cmd: compileComputeKernel
  api=4 insize=44336 outsize=1325 ok=1
Cmd: compileComputeKernel
  api=4 insize=44336 outsize=1521 ok=1
Cmd: compileComputeKernel
  api=4 insize=44336 outsize=1393 ok=1
Cmd: compileComputeKernel
  api=4 insize=44336 outsize=2345 ok=1
Cmd: compileComputeKernel
  api=4 insize=44336 outsize=2085 ok=1
Cmd: compileComputeKernel
  api=4 insize=44336 outsize=3005 ok=1
Cmd: compileComputeKernel
  api=4 insize=4081 outsize=1785 ok=1
Cmd: compileComputeKernel
  api=4 insize=29386 outsize=689 ok=1
Cmd: compileComputeKernel
  api=4 insize=29386 outsize=917 ok=1
Cmd: compileComputeKernel
  api=4 insize=29386 outsize=813 ok=1
Cmd: compileComputeKernel
  api=4 insize=29386 outsize=673 ok=1
Cmd: compileComputeKernel
  api=4 insize=29386 outsize=861 ok=1
Cmd: compileComputeKernel
  api=4 insize=29386 outsize=1233 ok=1
Cmd: compileComputeKernel
  api=4 insize=29386 outsize=1533 ok=1
Cmd: compileComputeKernel
  api=4 insize=29386 outsize=1385 ok=1
Cmd: compileComputeKernel
  api=4 insize=29386 outsize=1313 ok=1
Cmd: compileComputeKernel
  api=4 insize=29386 outsize=1373 ok=1

Quitting shader compiler process
