Base path: F:/Unity/Editors Path/2018.4.14f1/Editor/Data
Cmd: initializeCompiler
Cmd: compileComputeKernel
  api=4 insize=8273 outsize=1581 ok=1
Cmd: compileComputeKernel
  api=4 insize=65748 outsize=5393 ok=1
Cmd: compileComputeKernel
  api=4 insize=10277 outsize=1905 ok=1
Cmd: compileComputeKernel
  api=4 insize=10277 outsize=1945 ok=1
Cmd: compileComputeKernel
  api=4 insize=10277 outsize=2085 ok=1
Cmd: compileComputeKernel
  api=4 insize=24974 outsize=2709 ok=1
Cmd: compileComputeKernel
  api=4 insize=7595 outsize=2053 ok=1
Cmd: compileComputeKernel
  error: 1 plat 4 at BarracudaReferenceImpl.compute(1256): array reference cannot be used as an l-value; not natively addressable, forcing loop to unroll
  error: 1 plat 4 at BarracudaReferenceImpl.compute(1266): array reference cannot be used as an l-value; not natively addressable, forcing loop to unroll
  api=4 insize=46033 outsize=8609 ok=1
Cmd: compileComputeKernel
  api=4 insize=4240 outsize=1717 ok=1
Cmd: compileComputeKernel
  api=4 insize=30635 outsize=785 ok=1
Cmd: compileComputeKernel
  api=4 insize=30635 outsize=1045 ok=1
Cmd: compileComputeKernel
  api=4 insize=30635 outsize=813 ok=1
Cmd: compileComputeKernel
  api=4 insize=30635 outsize=757 ok=1
Cmd: compileComputeKernel
  api=4 insize=30635 outsize=801 ok=1
Cmd: compileComputeKernel
  api=4 insize=30635 outsize=765 ok=1
Cmd: compileComputeKernel
  api=4 insize=30635 outsize=789 ok=1
Cmd: compileComputeKernel
  api=4 insize=30635 outsize=1885 ok=1
Cmd: compileComputeKernel
  api=4 insize=30635 outsize=1309 ok=1
Cmd: compileComputeKernel
  api=4 insize=30635 outsize=1341 ok=1
Cmd: compileComputeKernel
  api=4 insize=30635 outsize=1265 ok=1
Cmd: compileComputeKernel
  api=4 insize=30635 outsize=1393 ok=1
