Base path: F:/Unity/Editors Path/2018.4.14f1/Editor/Data
Cmd: initializeCompiler
Cmd: compileComputeKernel
  api=4 insize=7960 outsize=1537 ok=1
Cmd: compileComputeKernel
  api=4 insize=9919 outsize=2345 ok=1
Cmd: compileComputeKernel
  api=4 insize=9919 outsize=2085 ok=1
Cmd: compileComputeKernel
  api=4 insize=24335 outsize=6253 ok=1
Cmd: compileComputeKernel
  api=4 insize=7335 outsize=1709 ok=1
Cmd: compileComputeKernel
  error: 1 plat 4 at BarracudaReferenceImpl.compute(1256): array reference cannot be used as an l-value; not natively addressable, forcing loop to unroll
  error: 1 plat 4 at BarracudaReferenceImpl.compute(1266): array reference cannot be used as an l-value; not natively addressable, forcing loop to unroll
  api=4 insize=44336 outsize=8609 ok=1
Cmd: compileComputeKernel
  api=4 insize=4081 outsize=1597 ok=1
Cmd: compileComputeKernel
  api=4 insize=1810 outsize=3141 ok=1
Cmd: compileComputeKernel
  api=4 insize=29386 outsize=781 ok=1
Cmd: compileComputeKernel
  api=4 insize=29386 outsize=1045 ok=1
Cmd: compileComputeKernel
  api=4 insize=29386 outsize=1013 ok=1
Cmd: compileComputeKernel
  api=4 insize=29386 outsize=809 ok=1
Cmd: compileComputeKernel
  api=4 insize=29386 outsize=777 ok=1
Cmd: compileComputeKernel
  api=4 insize=29386 outsize=789 ok=1
Cmd: compileComputeKernel
  api=4 insize=29386 outsize=1885 ok=1
Cmd: compileComputeKernel
  api=4 insize=29386 outsize=1349 ok=1
Cmd: compileComputeKernel
  api=4 insize=29386 outsize=1341 ok=1
Cmd: compileComputeKernel
  api=4 insize=29386 outsize=1289 ok=1
Cmd: compileComputeKernel
  api=4 insize=29386 outsize=1309 ok=1
